DEBUG 21-03-10 13:24:15[restartedMain] [PropertySourcesPropertyResolver:115] - Found key 'logging.level.root' in PropertySource 'configurationProperties' with value of type String
ERROR 21-03-10 13:24:15[restartedMain] [SpringApplication:856] - Application run failed
java.lang.IllegalStateException: java.lang.IllegalStateException: Logback configuration error detected: 
ERROR in ch.qos.logback.core.joran.spi.Interpreter@6:29 - no applicable action for [springProfile], current ElementPath  is [[configuration][springProfile]]
ERROR in ch.qos.logback.core.joran.spi.Interpreter@7:46 - no applicable action for [property], current ElementPath  is [[configuration][springProfile][property]]
ERROR in ch.qos.logback.core.joran.spi.Interpreter@9:27 - no applicable action for [springProfile], current ElementPath  is [[configuration][springProfile]]
ERROR in ch.qos.logback.core.joran.spi.Interpreter@10:46 - no applicable action for [property], current ElementPath  is [[configuration][springProfile][property]]
ERROR in ch.qos.logback.core.joran.spi.Interpreter@14:81 - no applicable action for [springProperty], current ElementPath  is [[configuration][springProperty]]
	at org.springframework.boot.context.logging.LoggingApplicationListener.initializeSystem(LoggingApplicationListener.java:327)
	at org.springframework.boot.context.logging.LoggingApplicationListener.initialize(LoggingApplicationListener.java:281)
	at org.springframework.boot.context.logging.LoggingApplicationListener.onApplicationEnvironmentPreparedEvent(LoggingApplicationListener.java:239)
	at org.springframework.boot.context.logging.LoggingApplicationListener.onApplicationEvent(LoggingApplicationListener.java:216)
	at org.springframework.context.event.SimpleApplicationEventMulticaster.doInvokeListener(SimpleApplicationEventMulticaster.java:176)
	at org.springframework.context.event.SimpleApplicationEventMulticaster.invokeListener(SimpleApplicationEventMulticaster.java:169)
	at org.springframework.context.event.SimpleApplicationEventMulticaster.multicastEvent(SimpleApplicationEventMulticaster.java:143)
	at org.springframework.context.event.SimpleApplicationEventMulticaster.multicastEvent(SimpleApplicationEventMulticaster.java:131)
	at org.springframework.boot.context.event.EventPublishingRunListener.environmentPrepared(EventPublishingRunListener.java:82)
	at org.springframework.boot.SpringApplicationRunListeners.lambda$environmentPrepared$2(SpringApplicationRunListeners.java:63)
	at java.base/java.util.ArrayList.forEach(ArrayList.java:1511)
	at org.springframework.boot.SpringApplicationRunListeners.doWithListeners(SpringApplicationRunListeners.java:117)
	at org.springframework.boot.SpringApplicationRunListeners.doWithListeners(SpringApplicationRunListeners.java:111)
	at org.springframework.boot.SpringApplicationRunListeners.environmentPrepared(SpringApplicationRunListeners.java:62)
	at org.springframework.boot.SpringApplication.prepareEnvironment(SpringApplication.java:362)
	at org.springframework.boot.SpringApplication.run(SpringApplication.java:320)
	at org.springframework.boot.SpringApplication.run(SpringApplication.java:1311)
	at org.springframework.boot.SpringApplication.run(SpringApplication.java:1300)
	at com.project.sellerre.SellerReApplication.main(SellerReApplication.java:10)
	at java.base/jdk.internal.reflect.NativeMethodAccessorImpl.invoke0(Native Method)
	at java.base/jdk.internal.reflect.NativeMethodAccessorImpl.invoke(NativeMethodAccessorImpl.java:64)
	at java.base/jdk.internal.reflect.DelegatingMethodAccessorImpl.invoke(DelegatingMethodAccessorImpl.java:43)
	at java.base/java.lang.reflect.Method.invoke(Method.java:564)
	at org.springframework.boot.devtools.restart.RestartLauncher.run(RestartLauncher.java:49)
Caused by: java.lang.IllegalStateException: Logback configuration error detected: 
ERROR in ch.qos.logback.core.joran.spi.Interpreter@6:29 - no applicable action for [springProfile], current ElementPath  is [[configuration][springProfile]]
ERROR in ch.qos.logback.core.joran.spi.Interpreter@7:46 - no applicable action for [property], current ElementPath  is [[configuration][springProfile][property]]
ERROR in ch.qos.logback.core.joran.spi.Interpreter@9:27 - no applicable action for [springProfile], current ElementPath  is [[configuration][springProfile]]
ERROR in ch.qos.logback.core.joran.spi.Interpreter@10:46 - no applicable action for [property], current ElementPath  is [[configuration][springProfile][property]]
ERROR in ch.qos.logback.core.joran.spi.Interpreter@14:81 - no applicable action for [springProperty], current ElementPath  is [[configuration][springProperty]]
	at org.springframework.boot.logging.logback.LogbackLoggingSystem.loadConfiguration(LogbackLoggingSystem.java:179)
	at org.springframework.boot.logging.logback.LogbackLoggingSystem.reinitialize(LogbackLoggingSystem.java:232)
	at org.springframework.boot.logging.AbstractLoggingSystem.initializeWithConventions(AbstractLoggingSystem.java:73)
	at org.springframework.boot.logging.AbstractLoggingSystem.initialize(AbstractLoggingSystem.java:60)
	at org.springframework.boot.logging.logback.LogbackLoggingSystem.initialize(LogbackLoggingSystem.java:132)
	at org.springframework.boot.context.logging.LoggingApplicationListener.initializeSystem(LoggingApplicationListener.java:312)
	... 23 common frames omitted
